****************************************************************************************************                    
**             MIDAS/CIVIL V8.3.1 - Modeling, Integrated Design & Analysis Software               **                    
**                         GENERAL STRUCTURE DESIGN SYSTEM FOR WINDOWS                            **                    
****************************************************************************************************                    
                                                                                                                        
                                   ....xxxxxxxx*********xxxxxxxx......                                                  
                               xXXXXXX***''               ```***XXXXXXXXXXx.                                            
                           XXXXXXX                                   ``*XXXXXXXx.                                       
         XXXXXXXXXX      XXXXXXX XX                                        `*XXXXXX.                                    
         XXXXXXXXXXX    XXXXXX XXXX                                           `*XXXXX                                   
         XXXXXXXXXXXX  XXXXXX XXXXX  XXXXX  XXXXXXXXXXx        XXXXX      .XXXX.`XXXXX                                  
         XXXXXXXXXXXX::XXXXX XXXXXX  XXXXX  XXXXXXXXXXXX      XXXXXXX    :XXXXXX: XXXXX                                 
         XXXXXX XXXXX XXXXX: XXXXXX  XXXXX  XXXXX   xXXXX    :XXXXXXX:   XXXX:     XXXXX                                
         XXXXXX  XXXX XXXXX  XXXXXX  XXXXX  XXXXX    XXXXX  :XXXX:XXXX   XXXXXXXXX:                                     
         XXXXXX  XXX XXXXX:  XXXXXX  XXXXX  XXXXX    :XXXX  XXXXX XXXXX   :XXXXXXXXXX                                   
         XXXXXX  :XX XXXXX   XXXXXX  XXXXX  XXXXX    :XXXX :XXXX: :XXXX:    `:XXXXXXXX:                                 
         XXXXXX   XX XXXXX   XXXXXX  XXXXX  XXXXX    XXXXX XXXXX   XXXXX XXXX     XXXXX                                 
         XXXXXX   XX XXXXX   XXXXXX  XXXXX  XXXXX   xXXXX XXXXX:   :XXXXX:XXXX   .XXXX                                  
         XXXXXX   :XXXXXXX   XXXXXX  XXXXX  XXXXXXXXXXXX :XXXX:     XXXXX XXXXXXXXXXX:                                  
         XXXXXX    XXXXXXX   XXXXXX  XXXXX  XXXXXXXXXXx  XXXXX      :XXXXX `XXXXXXX'     /CIVIL                         
                                                                                                                        
         ----------------- PC WINDOWS 95/98/2000/NT/XP VERSION. V8.3.1 ------------------                               
                                                                                                                        
                  Copyright ¨Ï SINCE 1989 MIDAS Information Technology Co., Ltd.                                        
                           ALL RIGHTS RESERVED MIDAS IT Co., Ltd.                                                       
                                                                                                                        
****************************************************************************************************                    
  
  
 -----------------------------------------S T A R T I N G       S O L U T I O N

 MULTI-FRONTAL SOLVER
 AVAILABLE MEMORY =    1.4 GBYTES

 INTERNAL DATA REGENERATION ( ENTRY REGEN_MODEL )

**  MIDAS/CIVIL WINDOWS VERSION 8.3.1                                DATE APR/22/2019  TIME 19:23:29
**  Modeling, Integrated Design & Analysis Software              PC WINDOWS 95/98/2000/NT/XP VERSION
====================================================================================================
  
  
 N U M B E R I N G   E Q U A T I O N
 ===================================


 INFORMATION FOR EQUATION NUMBER
 -------------------------------

  SERIAL   NODE          EQUATION NUMBERS FOR EACH DEGREE OF FREEDOM
    NO.     NO.         X       Y        Z        XX       YY       ZZ
 -------  -------   -------- -------- -------- -------- -------- --------
      1      321           0        0        0        0        0        0
      2      323           1        2        3        4        5        6
      3      327           0        0        0        0        0        0
      4      328           7        8        9       10       11       12
      5      329          13       14       15       16       17       18
      6      332          19       20       21       22       23       24
      7      333          25       26       27       28       29       30
      8      334          31       32       33       34       35       36
      9      337           0        0        0        0        0        0
     10      340          37       38       39       40       41       42
     11      341          43       44       45       46       47       48
     12      342          49       50       51       52       53       54
     13      347          55       56       57       58       59       60
     14      348          61       62       63       64       65       66
     15      349          67       68       69       70       71       72
     16      350          73       74       75       76       77       78
     17      351          79       80       81       82       83       84
     18      352           0        0        0        0        0        0
     19      355          85       86       87       88       89       90
     20      356          91       92       93       94       95       96
     21      357          97       98       99      100      101      102
     22      358         103      104      105      106      107      108
     23      359         109      110      111      112      113      114
     24      360         115      116      117      118      119      120
     25      361         121      122      123      124      125      126
     26      362         127      128      129      130      131      132
     27      363         133      134      135      136      137      138
     28      364         139      140      141      142      143      144
     29      365         145      146      147      148      149      150
     30      366         151      152      153      154      155      156
     31      367         157      158      159      160      161      162
     32      368         163      164      165      166      167      168
     33      369         169      170      171      172      173      174
     34      370         175      176      177      178      179      180
     35      371         181      182      183      184      185      186
     36      372         187      188      189      190      191      192
     37      373         193      194      195      196      197      198
     38      374         199      200      201      202      203      204
     39      375         205      206      207      208      209      210
     40      376         211      212      213      214      215      216
     41      377         217      218      219      220      221      222
     42      378         211      212      213      214      215      216
     43      379         217      218      219      220      221      222
     44      380         211      212      213      214      215      216
     45      381         217      218      219      220      221      222
     46      382         223      224      225      226      227      228
     47      383         229      230      231      232      233      234
     48      384         379      380      381      382      383      384
     49      385         607      608      609      610      611      612
     50      386         379      380      381      382      383      384
     51      387         607      608      609      610      611      612
     52      390         235      236      237      238      239      240
     53      391         241      242      243      244      245      246
     54      392         247      248      249      250      251      252
     55      393         247      248      249      250      251      252
     56      394         241      242      243      244      245      246
     57      395         247      248      249      250      251      252
     58      396         241      242      243      244      245      246
     59      397         253      254      255      256      257      258
     60      398         727      728      729      730      731      732
     61      399         253      254      255      256      257      258
     62      400         727      728      729      730      731      732
     63      403         253      254      255      256      257      258
     64      404         259      260      261      262      263      264
     65      405         265      266      267      268      269      270
     66      406         271      272      273      274      275      276
     67      407         277      278      279      280      281      282
     68      408         283      284      285      286      287      288
     69      409         289      290      291      292      293      294
     70      410         295      296      297      298      299      300
     71      411         301      302      303      304      305      306
     72      412         307      308      309      310      311      312
     73      413         313      314      315      316      317      318
     74      414         319      320      321      322      323      324
     75      415         325      326      327      328      329      330
     76      416         331      332      333      334      335      336
     77      417         337      338      339      340      341      342
     78      418         343      344      345      346      347      348
     79      419         349      350      351      352      353      354
     80      420         355      356      357      358      359      360
     81      421         361      362      363      364      365      366
     82      422         367      368      369      370      371      372
     83      423         373      374      375      376      377      378
     84      424         379      380      381      382      383      384
     85      425         385      386      387      388      389      390
     86      426         391      392      393      394      395      396
     87      427         397      398      399      400      401      402
     88      428         403      404      405      406      407      408
     89      429         409      410      411      412      413      414
     90      430         415      416      417      418      419      420
     91      431         421      422      423      424      425      426
     92      432         427      428      429      430      431      432
     93      433         433      434      435      436      437      438
     94      434         439      440      441      442      443      444
     95      435         445      446      447      448      449      450
     96      436         451      452      453      454      455      456
     97      437         457      458      459      460      461      462
     98      438         463      464      465      466      467      468
     99      439         469      470      471      472      473      474
    100      440         475      476      477      478      479      480
    101      441         481      482      483      484      485      486
    102      442         487      488      489      490      491      492
    103      443         493      494      495      496      497      498
    104      444         499      500      501      502      503      504
    105      445         505      506      507      508      509      510
    106      446         511      512      513      514      515      516
    107      447         517      518      519      520      521      522
    108      448         523      524      525      526      527      528
    109      449         529      530      531      532      533      534
    110      450         535      536      537      538      539      540
    111      451         541      542      543      544      545      546
    112      452         547      548      549      550      551      552
    113      453         553      554      555      556      557      558
    114      454         559      560      561      562      563      564
    115      455         565      566      567      568      569      570
    116      456         571      572      573      574      575      576
    117      457         577      578      579      580      581      582
    118      458         583      584      585      586      587      588
    119      459         589      590      591      592      593      594
    120      460         595      596      597      598      599      600
    121      461         601      602      603      604      605      606
    122      462         607      608      609      610      611      612
    123      463         613      614      615      616      617      618
    124      464         619      620      621      622      623      624
    125      465         625      626      627      628      629      630
    126      466         631      632      633      634      635      636
    127      467         637      638      639      640      641      642
    128      468         643      644      645      646      647      648
    129      469         649      650      651      652      653      654
    130      470         655      656      657      658      659      660
    131      471         661      662      663      664      665      666
    132      472         667      668      669      670      671      672
    133      473         673      674      675      676      677      678
    134      474         679      680      681      682      683      684
    135      475         685      686      687      688      689      690
    136      476         691      692      693      694      695      696
    137      477         697      698      699      700      701      702
    138      478         703      704      705      706      707      708
    139      479         709      710      711      712      713      714
    140      480         715      716      717      718      719      720
    141      481         721      722      723      724      725      726
    142      482         727      728      729      730      731      732


 EQUATION STATUS
 ---------------

 TOTAL NUMBER OF VALID DOFS IN MODEL ..........:     732
 NUMBER OF EQUATIONS IN A BLOCK ...............:     732
 NUMBER OF BLOCKS .............................:       1

**  MIDAS/CIVIL WINDOWS VERSION 8.3.1                                DATE APR/22/2019  TIME 19:23:29
**  Modeling, Integrated Design & Analysis Software              PC WINDOWS 95/98/2000/NT/XP VERSION
====================================================================================================
  
  


 S E T U P   E Q U A T I O N   P R O F I L E
 ===========================================


 THE TOTAL WEIGHT OF MODEL
 -------------------------

 TOTAL WEIGHT ...........:  1.07321E+05   KN  


 THE CENTER OF GRAVITY OF FINITE ELEMENT MODEL 
 ---------------------------------------------

 X-COORDINATE OF C.G ....:  8.06200E+01   M   
 Y-COORDINATE OF C.G ....:  0.00000E+00   M   
 Z-COORDINATE OF C.G ....: -7.35852E+00   M   

 STATIC ANALYSIS TIME LOG ( IN SECOND )
 --------------------------------------
 MULTI-FRONTAL SOLUTION .....................:     0.08
 DISPLACEMENT OUTPUT ........................:     0.02
 STRESS OUTPUT ..............................:     0.09
 TOTAL SOLUTION TIME (SUM OF THE ABOVE) .....:     0.19


**  MIDAS/CIVIL WINDOWS VERSION 8.3.1                                DATE APR/22/2019  TIME 19:23:30
**  Modeling, Integrated Design & Analysis Software              PC WINDOWS 95/98/2000/NT/XP VERSION
====================================================================================================
  
  


 E I G E N V A L U E   A N A L Y S I S
 =====================================


 SUBSPACE ITERATION NUMBER =   1

 SUBSPACE ITERATION NUMBER =   2

 SUBSPACE ITERATION NUMBER =   3

 SUBSPACE ITERATION NUMBER =   4

 SUBSPACE ITERATION NUMBER =   5

 SUBSPACE ITERATION NUMBER =   6

 SUBSPACE ITERATION NUMBER =   7

 SUBSPACE ITERATION NUMBER =   8

 SUBSPACE ITERATION NUMBER =   9

 SUBSPACE ITERATION NUMBER =  10

 SUBSPACE ITERATION NUMBER =  11

 SUBSPACE ITERATION NUMBER =  12

 SUBSPACE ITERATION NUMBER =  13

 SUBSPACE ITERATION NUMBER =  14

 SUBSPACE ITERATION NUMBER =  15

 SUBSPACE ITERATION NUMBER =  16

 SUBSPACE ITERATION NUMBER =  17


  MODE    F  R  E  Q  U  E  N  C  Y     PERIOD      TOLERANCE    
   NO.     [RAD/SEC]   [CYCLES/SEC]     [SEC]                    
 ------  ------------- ------------  ------------  ------------  
     1    9.920960E+00 1.578970E+00   6.33324E-01   1.15506E-15
     2    1.140977E+01 1.815921E+00   5.50685E-01   4.36643E-16
     3    1.217243E+01 1.937302E+00   5.16182E-01   0.00000E+00
     4    1.258540E+01 2.003029E+00   4.99244E-01   5.38316E-16
     5    1.444982E+01 2.299761E+00   4.34828E-01   1.36121E-16
     6    1.514639E+01 2.410623E+00   4.14831E-01   3.71666E-16
     7    1.934601E+01 3.079014E+00   3.24779E-01   7.59394E-16
     8    2.367524E+01 3.768031E+00   2.65391E-01   1.01413E-15
     9    2.848289E+01 4.533193E+00   2.20595E-01   5.60534E-16
    10    3.470392E+01 5.523300E+00   1.81051E-01   1.88792E-16
    11    3.597692E+01 5.725904E+00   1.74645E-01   8.78339E-16
    12    3.838257E+01 6.108775E+00   1.63699E-01   9.26026E-16
    13    5.147086E+01 8.191842E+00   1.22073E-01   8.58257E-16
    14    5.520305E+01 8.785838E+00   1.13820E-01   2.98452E-16
    15    6.489164E+01 1.032783E+01   9.68258E-02   2.15985E-16
    16    7.343540E+01 1.168761E+01   8.55607E-02   6.74604E-16
    17    7.398794E+01 1.177555E+01   8.49218E-02   1.16299E-15
    18    7.481066E+01 1.190649E+01   8.39878E-02   8.12537E-16
    19    7.654495E+01 1.218251E+01   8.20849E-02   1.55227E-16
    20    7.857568E+01 1.250571E+01   7.99635E-02   4.41922E-16
    21    8.403555E+01 1.337467E+01   7.47682E-02   3.86363E-16
    22    1.032249E+02 1.642875E+01   6.08689E-02   0.00000E+00
    23    1.065650E+02 1.696035E+01   5.89611E-02   4.80532E-16
    24    1.097483E+02 1.746699E+01   5.72508E-02   4.53060E-16
    25    1.110002E+02 1.766622E+01   5.66052E-02   4.42899E-16
    26    1.253970E+02 1.995755E+01   5.01063E-02   0.00000E+00
    27    1.268365E+02 2.018665E+01   4.95377E-02   1.13069E-16
    28    1.311167E+02 2.086787E+01   4.79206E-02   0.00000E+00
    29    1.408474E+02 2.241656E+01   4.46099E-02   5.50153E-16
    30    1.440618E+02 2.292815E+01   4.36145E-02   8.76461E-16
    31    1.480161E+02 2.355750E+01   4.24493E-02   8.30256E-16
    32    1.492927E+02 2.376067E+01   4.20864E-02   3.26447E-16
    33    1.532884E+02 2.439660E+01   4.09893E-02   3.09651E-16
    34    1.694914E+02 2.697539E+01   3.70708E-02   0.00000E+00
    35    1.721093E+02 2.739205E+01   3.65069E-02   2.45630E-16
    36    1.743300E+02 2.774548E+01   3.60419E-02   0.00000E+00
    37    1.911282E+02 3.041900E+01   3.28742E-02   1.19507E-15
    38    1.933278E+02 3.076908E+01   3.25002E-02   3.89342E-16
    39    2.024985E+02 3.222864E+01   3.10283E-02   0.00000E+00
    40    2.054642E+02 3.270064E+01   3.05804E-02   1.03412E-15
    41    2.087325E+02 3.322081E+01   3.01016E-02   3.33995E-16
    42    2.094792E+02 3.333965E+01   2.99943E-02   3.31618E-16
    43    2.114547E+02 3.365405E+01   2.97141E-02   3.25451E-16
    44    2.172605E+02 3.457808E+01   2.89201E-02   6.16579E-16
    45    2.249243E+02 3.579781E+01   2.79347E-02   7.19097E-16
    46    2.280041E+02 3.628798E+01   2.75573E-02   5.59841E-16
    47    2.371414E+02 3.774222E+01   2.64955E-02   2.58765E-16
    48    2.379547E+02 3.787166E+01   2.64050E-02   1.28500E-16
    49    2.501604E+02 3.981426E+01   2.51166E-02   1.16266E-15
    50    2.589582E+02 4.121448E+01   2.42633E-02   2.17001E-16
    51    2.625641E+02 4.178838E+01   2.39301E-02   1.05541E-15
    52    2.776280E+02 4.418586E+01   2.26317E-02   1.13278E-15
    53    2.798564E+02 4.454052E+01   2.24515E-02   3.71603E-16
    54    2.887416E+02 4.595466E+01   2.17606E-02   0.00000E+00
    55    2.974574E+02 4.734182E+01   2.11230E-02   0.00000E+00
    56    2.978872E+02 4.741022E+01   2.10925E-02   6.55959E-16
    57    2.996019E+02 4.768313E+01   2.09718E-02   4.86354E-16
    58    3.053610E+02 4.859971E+01   2.05763E-02   1.56060E-16
    59    3.127887E+02 4.978186E+01   2.00876E-02   1.48737E-16
    60    3.162085E+02 5.032615E+01   1.98704E-02   1.45537E-16
    61    3.293583E+02 5.241900E+01   1.90771E-02   5.36591E-16
    62    3.428892E+02 5.457251E+01   1.83242E-02   0.00000E+00
    63    3.452416E+02 5.494690E+01   1.81994E-02   0.00000E+00
    64    3.564014E+02 5.672305E+01   1.76295E-02   1.14562E-16
    65    3.606010E+02 5.739143E+01   1.74242E-02   2.23819E-16
    66    3.635310E+02 5.785776E+01   1.72838E-02   2.20225E-16
    67    3.657850E+02 5.821649E+01   1.71773E-02   0.00000E+00
    68    3.774836E+02 6.007837E+01   1.66449E-02   1.02123E-15
    69    3.777579E+02 6.012204E+01   1.66328E-02   4.07899E-16
    70    3.790795E+02 6.033238E+01   1.65748E-02   6.07590E-16
    71    3.828068E+02 6.092560E+01   1.64135E-02   7.94421E-16
    72    3.833718E+02 6.101551E+01   1.63893E-02   1.98020E-16
    73    3.838685E+02 6.109457E+01   1.63681E-02   3.95016E-16
    74    3.851999E+02 6.130648E+01   1.63115E-02   1.96145E-16
    75    3.903125E+02 6.212017E+01   1.60978E-02   3.82081E-16
    76    3.965626E+02 6.311490E+01   1.58441E-02   5.55198E-16
    77    3.969031E+02 6.316909E+01   1.58305E-02   3.69497E-16
    78    4.170921E+02 6.638226E+01   1.50643E-02   0.00000E+00
    79    4.279717E+02 6.811382E+01   1.46813E-02   1.58899E-16
    80    4.329053E+02 6.889902E+01   1.45140E-02   4.65892E-16
    81    4.418823E+02 7.032775E+01   1.42191E-02   2.98103E-16
    82    4.497212E+02 7.157536E+01   1.39713E-02   2.87802E-16
    83    4.575607E+02 7.282305E+01   1.37319E-02   6.95061E-16
    84    4.590404E+02 7.305855E+01   1.36877E-02   4.14352E-16
    85    4.706129E+02 7.490037E+01   1.33511E-02   7.88449E-16
    86    4.836101E+02 7.696893E+01   1.29923E-02   3.73320E-16
    87    4.920671E+02 7.831490E+01   1.27690E-02   9.07504E-14
    88    4.934346E+02 7.853255E+01   1.27336E-02   9.27583E-14
    89    4.959849E+02 7.893845E+01   1.26681E-02   5.44216E-15
    90    4.981940E+02 7.929003E+01   1.26119E-02   1.17261E-16
    91    5.051161E+02 8.039172E+01   1.24391E-02   9.76317E-13
    92    5.074351E+02 8.076081E+01   1.23822E-02   2.13624E-14
    93    5.078554E+02 8.082770E+01   1.23720E-02   6.53636E-12
    94    5.124296E+02 8.155570E+01   1.22616E-02   4.43345E-16
    95    5.178216E+02 8.241386E+01   1.21339E-02   2.17080E-16
    96    5.214894E+02 8.299761E+01   1.20485E-02   7.84596E-12
    97    5.216724E+02 8.302674E+01   1.20443E-02   2.71637E-14
    98    5.275766E+02 8.396642E+01   1.19095E-02   4.18253E-16
    99    5.368238E+02 8.543817E+01   1.17044E-02   0.00000E+00
   100    5.517729E+02 8.781738E+01   1.13873E-02   2.74297E-11


   MAJOR MODE OF DIRECTIONAL MODAL PARTICIPATION MASS
   --------------------------------------------------

   DIRECTION  MAJOR MODE    M.P.M
   ---------  ----------  ---------
     DIR-DX         4        35.955
     DIR-DY         7        29.656
     DIR-DZ         9        24.035
     DIR-RX         7        13.357
     DIR-RY        24        40.406
     DIR-RZ         5        50.667


   MODAL PARTICIPATION MASSES(PERCENT)
   -----------------------------------

     MODE        TRAN-X          TRAN-Y          TRAN-Z           ROTN-X          ROTN-Y          ROTN-Z   
   -------- --------------- --------------- --------------- --------------- --------------- ---------------
    NUMBER    MASS    SUM     MASS    SUM     MASS    SUM     MASS    SUM     MASS    SUM     MASS    SUM
   -------- --------------- --------------- --------------- --------------- --------------- ---------------
       1    24.989  24.989   0.000   0.000   3.101   3.101   0.000   0.000   0.286   0.286   0.000   0.000
       2     5.578  30.568   0.000   0.000   0.000   3.101   0.000   0.000   0.008   0.294   0.000   0.000
       3     5.305  35.873   0.000   0.000   0.000   3.101   0.000   0.000   0.008   0.303   0.000   0.000
       4    35.955  71.827   0.000   0.000   2.494   5.594   0.000   0.000   0.574   0.877   0.000   0.000
       5     0.000  71.827  22.265  22.265   0.000   5.594   5.065   5.065   0.000   0.877  50.667  50.667
       6     0.000  71.827  22.823  45.088   0.000   5.594   2.138   7.203   0.000   0.877  14.702  65.370
       7     0.000  71.827  29.656  74.745   0.000   5.594  13.357  20.560   0.000   0.877   6.532  71.902
       8     0.679  72.506   0.000  74.745   0.028   5.622   0.000  20.560   7.025   7.902   0.000  71.902
       9     0.025  72.531   0.000  74.745  24.035  29.657   0.000  20.560   0.001   7.903   0.000  71.902
      10     0.000  72.531   1.842  76.587   0.000  29.657   0.743  21.303   0.000   7.903   1.117  73.020
      11     0.006  72.537   0.000  76.587   0.000  29.658   0.000  21.303  13.231  21.134   0.000  73.020
      12     3.120  75.657   0.000  76.587   0.000  29.658   0.000  21.303   0.004  21.138   0.000  73.020
      13     0.000  75.657   0.289  76.876   0.000  29.658   1.634  22.937   0.000  21.138   0.083  73.102
      14     0.002  75.659   0.000  76.876   7.594  37.252   0.000  22.937   0.000  21.138   0.000  73.102
      15     0.105  75.764   0.000  76.876   0.338  37.590   0.000  22.937   0.000  21.138   0.000  73.102
      16     1.717  77.480   0.000  76.876   0.000  37.590   0.000  22.937   0.099  21.237   0.000  73.102
      17     0.001  77.482   0.000  76.876   0.140  37.731   0.000  22.937   0.762  22.000   0.000  73.102
      18     0.013  77.495   0.000  76.876   0.437  38.167   0.000  22.937   0.301  22.300   0.000  73.102
      19     1.673  79.168   0.000  76.876   0.000  38.167   0.000  22.937   0.093  22.393   0.000  73.102
      20     0.000  79.168   0.000  76.876   0.000  38.167   0.000  22.937   0.000  22.393   0.581  73.684
      21     0.002  79.170   0.000  76.876   0.016  38.183   0.000  22.937   2.013  24.406   0.000  73.684
      22     0.000  79.170   1.238  78.114   0.000  38.183   1.691  24.628   0.000  24.406   0.001  73.685
      23     0.001  79.171   0.000  78.114  16.873  55.056   0.000  24.628   0.611  25.017   0.000  73.685
      24     0.001  79.172   0.000  78.114   3.915  58.972   0.000  24.628  40.406  65.423   0.000  73.685
      25     0.001  79.173   0.000  78.114  14.803  73.774   0.000  24.628   4.853  70.276   0.000  73.685
      26     0.000  79.173   0.013  78.128   0.000  73.774   0.011  24.639   0.000  70.276   3.190  76.875
      27     0.000  79.173   0.000  78.128   0.073  73.847   0.000  24.639   1.488  71.764   0.000  76.875
      28     0.000  79.174   0.000  78.128   0.211  74.058   0.000  24.639   0.056  71.820   0.000  76.875
      29     0.000  79.174   2.982  81.110   0.000  74.058  10.088  34.727   0.000  71.820   0.034  76.909
      30     0.002  79.175   0.000  81.110   0.015  74.073   0.000  34.727   4.453  76.273   0.000  76.909
      31     0.000  79.175   0.000  81.110   0.035  74.108   0.000  34.727   0.005  76.278   0.000  76.909
      32     0.000  79.175   0.042  81.152   0.000  74.108   0.089  34.817   0.000  76.278   3.536  80.445
      33     0.001  79.176   0.000  81.152   5.101  79.209   0.000  34.817   0.002  76.280   0.000  80.445
      34     0.001  79.177   0.000  81.152   0.021  79.230   0.000  34.817   1.124  77.404   0.000  80.445
      35     0.000  79.177   0.000  81.152   0.125  79.355   0.000  34.817   0.000  77.404   0.000  80.445
      36     0.000  79.177   0.160  81.312   0.000  79.355   1.141  35.958   0.000  77.404   0.002  80.448
      37     0.011  79.189   0.000  81.312   0.134  79.490   0.000  35.958   0.001  77.405   0.000  80.448
      38     0.000  79.189   0.000  81.312   0.012  79.502   0.000  35.958   0.013  77.418   0.000  80.448
      39     0.675  79.864   0.000  81.312   0.000  79.502   0.000  35.958   0.051  77.470   0.000  80.448
      40     0.000  79.864   0.232  81.544   0.000  79.502   0.330  36.288   0.000  77.470   1.001  81.448
      41     0.001  79.865   0.000  81.544   0.169  79.671   0.000  36.288   0.001  77.470   0.000  81.448
      42     0.668  80.532   0.000  81.544   0.000  79.671   0.000  36.288   0.049  77.519   0.000  81.448
      43     0.000  80.532   1.724  83.268   0.000  79.671   2.374  38.662   0.000  77.519   0.114  81.563
      44     0.002  80.534   0.000  83.268   0.001  79.672   0.000  38.662   0.003  77.522   0.000  81.563
      45     0.000  80.534   0.047  83.315   0.000  79.672   0.001  38.663   0.000  77.522   0.233  81.795
      46     0.004  80.538   0.000  83.315   0.000  79.672   0.000  38.663   0.024  77.547   0.000  81.795
      47     0.011  80.549   0.000  83.315   0.026  79.698   0.000  38.663   0.000  77.547   0.000  81.795
      48     1.143  81.692   0.000  83.315   0.000  79.698   0.000  38.663   0.025  77.572   0.000  81.795
      49     0.000  81.692   0.090  83.405   0.000  79.698   0.055  38.717   0.000  77.572   0.096  81.892
      50     0.030  81.722   0.000  83.405   0.104  79.802   0.000  38.717   0.012  77.584   0.000  81.892
      51     0.011  81.733   0.000  83.405   0.034  79.836   0.000  38.717   0.099  77.683   0.000  81.892
      52     0.035  81.767   0.000  83.405   0.055  79.890   0.000  38.717   0.069  77.753   0.000  81.892
      53     0.000  81.768   0.000  83.405   0.081  79.971   0.000  38.717   0.047  77.799   0.000  81.892
      54     0.000  81.768   0.148  83.553   0.000  79.971   0.698  39.415   0.000  77.799   0.000  81.892
      55     0.000  81.768   0.064  83.616   0.000  79.971   0.022  39.437   0.000  77.799   0.263  82.155
      56     0.014  81.782   0.000  83.616   0.000  79.971   0.000  39.437   0.003  77.803   0.000  82.155
      57     0.011  81.792   0.000  83.616   0.056  80.027   0.000  39.437   0.000  77.803   0.000  82.155
      58     0.014  81.807   0.000  83.616   0.001  80.028   0.000  39.437   0.000  77.803   0.000  82.155
      59     0.367  82.174   0.000  83.616   0.000  80.028   0.000  39.437   0.001  77.804   0.000  82.155
      60     0.000  82.174   0.001  83.617   0.000  80.028   0.178  39.615   0.000  77.804   0.072  82.227
      61     0.020  82.194   0.000  83.617   0.000  80.028   0.000  39.615   0.001  77.804   0.000  82.227
      62     0.000  82.194   1.586  85.204   0.000  80.028   0.766  40.381   0.000  77.804   0.677  82.904
      63     0.008  82.202   0.000  85.204   0.001  80.028   0.000  40.381   0.000  77.804   0.000  82.904
      64     0.002  82.204   0.000  85.204   0.008  80.037   0.000  40.381   0.018  77.823   0.000  82.904
      65     0.013  82.217   0.000  85.204   0.033  80.069   0.000  40.381   0.024  77.847   0.000  82.904
      66     0.023  82.239   0.000  85.204   0.019  80.089   0.000  40.381   0.048  77.895   0.000  82.904
      67     0.018  82.258   0.000  85.204   0.051  80.140   0.000  40.381   0.078  77.974   0.000  82.904
      68     0.030  82.288   0.000  85.204   0.001  80.141   0.000  40.381   0.027  78.000   0.000  82.904
      69     0.470  82.758   0.000  85.204   0.000  80.141   0.000  40.381   0.041  78.041   0.000  82.904
      70     0.000  82.758   0.365  85.568   0.000  80.141   1.949  42.330   0.000  78.041   1.376  84.280
      71     0.002  82.760   0.000  85.568   0.003  80.144   0.000  42.330   0.002  78.043   0.000  84.280
      72     0.001  82.761   0.000  85.568   0.015  80.159   0.000  42.330   0.000  78.043   0.000  84.280
      73     0.000  82.761   0.000  85.568   0.006  80.165   0.000  42.330   0.001  78.044   0.000  84.280
      74     0.000  82.761   0.817  86.385   0.000  80.165   4.256  46.585   0.000  78.044   0.436  84.716
      75     0.478  83.240   0.000  86.385   0.000  80.165   0.000  46.585   0.040  78.084   0.000  84.716
      76     0.000  83.240   0.025  86.411   0.000  80.165   0.087  46.672   0.000  78.084   0.646  85.363
      77     0.027  83.266   0.000  86.411   0.001  80.166   0.000  46.672   0.003  78.087   0.000  85.363
      78     0.000  83.266   0.193  86.603   0.000  80.166   0.925  47.597   0.000  78.087   0.002  85.365
      79     0.043  83.309   0.000  86.603   0.003  80.168   0.000  47.597   0.002  78.088   0.000  85.365
      80     0.000  83.309   0.000  86.604   0.000  80.168   0.002  47.599   0.000  78.088   0.189  85.554
      81     0.026  83.335   0.000  86.604   0.000  80.168   0.000  47.599   0.009  78.097   0.000  85.554
      82     0.000  83.335   0.000  86.604   0.881  81.049   0.000  47.599   0.346  78.443   0.000  85.554
      83     0.000  83.335   0.000  86.604   0.016  81.065   0.000  47.599   0.010  78.453   0.000  85.554
      84     0.000  83.335   0.060  86.663   0.000  81.065   0.188  47.787   0.000  78.453   0.000  85.554
      85     0.000  83.335   0.000  86.663   1.123  82.188   0.000  47.787   0.447  78.901   0.000  85.554
      86     0.003  83.337   0.000  86.663   0.085  82.273   0.000  47.787   0.002  78.903   0.000  85.554
      87     0.014  83.352   0.000  86.663   0.100  82.374   0.000  47.787   0.459  79.362   0.000  85.554
      88     0.002  83.353   0.000  86.663   0.177  82.551   0.000  47.787   0.095  79.457   0.000  85.554
      89     0.006  83.359   0.000  86.663   0.007  82.558   0.000  47.787   0.013  79.469   0.000  85.554
      90     0.000  83.359   0.000  86.663   0.000  82.558   0.000  47.787   0.000  79.469   0.025  85.579
      91     0.000  83.359   0.000  86.663   0.759  83.317   0.000  47.787   1.343  80.812   0.000  85.579
      92     0.000  83.359   0.000  86.663   0.005  83.322   0.000  47.787   0.003  80.816   0.000  85.579
      93     0.000  83.359   0.000  86.663   0.964  84.286   0.000  47.787   1.687  82.503   0.000  85.579
      94     0.004  83.363   0.000  86.663   0.006  84.291   0.000  47.787   0.001  82.504   0.000  85.579
      95     0.000  83.363   0.042  86.706   0.000  84.291   0.016  47.803   0.000  82.504   0.030  85.609
      96     0.018  83.381   0.000  86.706   0.005  84.296   0.000  47.803   0.655  83.159   0.000  85.609
      97     0.027  83.408   0.000  86.706   0.424  84.720   0.000  47.803   0.085  83.244   0.000  85.609
      98     0.000  83.408   0.617  87.323   0.000  84.720   1.208  49.012   0.000  83.244   0.180  85.789
      99     0.000  83.408   0.331  87.654   0.000  84.720   0.564  49.576   0.000  83.244   0.196  85.985
     100     0.121  83.529   0.000  87.654   0.005  84.725   0.000  49.576   0.078  83.322   0.000  85.985


   MODAL EQRTHQUAKE EXCITATION FACTOR     KN    M   
   ------------------------------------------------

     MODE       TRAN-X        TRAN-Y        TRAN-Z        ROTN-X        ROTN-Y        ROTN-Z   
   --------  ------------  ------------  ------------  ------------  ------------  ------------
       1      0.51053E+02   0.00000E+00   0.19543E+02   0.00000E+00   0.00000E+00   0.00000E+00
       2      0.24121E+02   0.00000E+00   0.00000E+00   0.00000E+00   0.00000E+00   0.00000E+00
       3      0.23523E+02   0.00000E+00   0.00000E+00   0.00000E+00   0.00000E+00   0.00000E+00
       4     -0.61238E+02   0.00000E+00   0.17527E+02   0.00000E+00   0.00000E+00   0.00000E+00
       5      0.00000E+00   0.52371E+02   0.00000E+00   0.00000E+00   0.00000E+00   0.00000E+00
       6      0.00000E+00   0.53023E+02   0.00000E+00   0.00000E+00   0.00000E+00   0.00000E+00
       7      0.00000E+00   0.60442E+02   0.00000E+00   0.00000E+00   0.00000E+00   0.00000E+00
       8     -0.84134E+01   0.00000E+00   0.18475E+01   0.00000E+00   0.00000E+00   0.00000E+00
       9      0.16297E+01   0.00000E+00   0.54413E+02   0.00000E+00   0.00000E+00   0.00000E+00
      10      0.00000E+00   0.15064E+02   0.00000E+00   0.00000E+00   0.00000E+00   0.00000E+00
      11     -0.77573E+00   0.00000E+00  -0.21110E+00   0.00000E+00   0.00000E+00   0.00000E+00
      12      0.18040E+02   0.00000E+00   0.00000E+00   0.00000E+00   0.00000E+00   0.00000E+00
      13      0.00000E+00  -0.59664E+01   0.00000E+00   0.00000E+00   0.00000E+00   0.00000E+00
      14     -0.42087E+00   0.00000E+00  -0.30586E+02   0.00000E+00   0.00000E+00   0.00000E+00
      15      0.33065E+01   0.00000E+00  -0.64537E+01   0.00000E+00   0.00000E+00   0.00000E+00
      16     -0.13381E+02   0.00000E+00   0.00000E+00   0.00000E+00   0.00000E+00   0.00000E+00
      17      0.36024E+00   0.00000E+00  -0.41582E+01   0.00000E+00   0.00000E+00   0.00000E+00
      18     -0.11676E+01   0.00000E+00  -0.73335E+01   0.00000E+00   0.00000E+00   0.00000E+00
      19     -0.13209E+02   0.00000E+00   0.00000E+00   0.00000E+00   0.00000E+00   0.00000E+00
      20      0.00000E+00   0.19155E+00   0.00000E+00   0.00000E+00   0.00000E+00   0.00000E+00
      21      0.50308E+00   0.00000E+00   0.13977E+01   0.00000E+00   0.00000E+00   0.00000E+00
      22      0.00000E+00  -0.12351E+02   0.00000E+00   0.00000E+00   0.00000E+00   0.00000E+00
      23     -0.29347E+00   0.00000E+00   0.45591E+02   0.00000E+00   0.00000E+00   0.00000E+00
      24      0.35024E+00   0.00000E+00   0.21961E+02   0.00000E+00   0.00000E+00   0.00000E+00
      25      0.32569E+00   0.00000E+00   0.42702E+02   0.00000E+00   0.00000E+00   0.00000E+00
      26      0.00000E+00   0.12695E+01   0.00000E+00   0.00000E+00   0.00000E+00   0.00000E+00
      27      0.42933E-02   0.00000E+00  -0.29904E+01   0.00000E+00   0.00000E+00   0.00000E+00
      28      0.22056E+00   0.00000E+00  -0.50953E+01   0.00000E+00   0.00000E+00   0.00000E+00
      29      0.00000E+00   0.19167E+02   0.00000E+00   0.00000E+00   0.00000E+00   0.00000E+00
      30     -0.40660E+00   0.00000E+00  -0.13650E+01   0.00000E+00   0.00000E+00   0.00000E+00
      31     -0.16850E-01   0.00000E+00   0.20899E+01   0.00000E+00   0.00000E+00   0.00000E+00
      32      0.00000E+00   0.22757E+01   0.00000E+00   0.00000E+00   0.00000E+00   0.00000E+00
      33      0.28144E+00   0.00000E+00  -0.25068E+02   0.00000E+00   0.00000E+00   0.00000E+00
      34      0.35250E+00   0.00000E+00   0.16054E+01   0.00000E+00   0.00000E+00   0.00000E+00
      35     -0.19600E+00   0.00000E+00   0.39227E+01   0.00000E+00   0.00000E+00   0.00000E+00
      36      0.00000E+00  -0.44414E+01   0.00000E+00   0.00000E+00   0.00000E+00   0.00000E+00
      37     -0.10761E+01   0.00000E+00  -0.40699E+01   0.00000E+00   0.00000E+00   0.00000E+00
      38      0.15314E+00   0.00000E+00  -0.12369E+01   0.00000E+00   0.00000E+00   0.00000E+00
      39      0.83893E+01   0.00000E+00   0.00000E+00   0.00000E+00   0.00000E+00   0.00000E+00
      40      0.00000E+00   0.53436E+01   0.00000E+00   0.00000E+00   0.00000E+00   0.00000E+00
      41      0.33960E+00   0.00000E+00  -0.45581E+01   0.00000E+00   0.00000E+00   0.00000E+00
      42      0.83455E+01   0.00000E+00   0.00000E+00   0.00000E+00   0.00000E+00   0.00000E+00
      43      0.00000E+00   0.14573E+02   0.00000E+00   0.00000E+00   0.00000E+00   0.00000E+00
      44      0.40324E+00   0.00000E+00  -0.33644E+00   0.00000E+00   0.00000E+00   0.00000E+00
      45      0.00000E+00   0.24159E+01   0.00000E+00   0.00000E+00   0.00000E+00   0.00000E+00
      46      0.65780E+00   0.00000E+00   0.16020E+00   0.00000E+00   0.00000E+00   0.00000E+00
      47      0.10616E+01   0.00000E+00   0.18034E+01   0.00000E+00   0.00000E+00   0.00000E+00
      48      0.10918E+02   0.00000E+00   0.00000E+00   0.00000E+00   0.00000E+00   0.00000E+00
      49      0.00000E+00   0.33230E+01   0.00000E+00   0.00000E+00   0.00000E+00   0.00000E+00
      50     -0.17677E+01   0.00000E+00   0.35777E+01   0.00000E+00   0.00000E+00   0.00000E+00
      51      0.10686E+01   0.00000E+00   0.20328E+01   0.00000E+00   0.00000E+00   0.00000E+00
      52      0.19018E+01   0.00000E+00   0.25946E+01   0.00000E+00   0.00000E+00   0.00000E+00
      53     -0.17473E+00   0.00000E+00   0.31515E+01   0.00000E+00   0.00000E+00   0.00000E+00
      54      0.00000E+00   0.42707E+01   0.00000E+00   0.00000E+00   0.00000E+00   0.00000E+00
      55      0.00000E+00  -0.27982E+01   0.00000E+00   0.00000E+00   0.00000E+00   0.00000E+00
      56     -0.12209E+01   0.00000E+00  -0.11626E+00   0.00000E+00   0.00000E+00   0.00000E+00
      57      0.10496E+01   0.00000E+00  -0.26253E+01   0.00000E+00   0.00000E+00   0.00000E+00
      58      0.12186E+01   0.00000E+00  -0.25695E+00   0.00000E+00   0.00000E+00   0.00000E+00
      59      0.61858E+01   0.00000E+00  -0.12771E+00   0.00000E+00   0.00000E+00   0.00000E+00
      60      0.00000E+00   0.27951E+00   0.00000E+00   0.00000E+00   0.00000E+00   0.00000E+00
      61     -0.14575E+01   0.00000E+00  -0.31237E-01   0.00000E+00   0.00000E+00   0.00000E+00
      62      0.00000E+00   0.13979E+02   0.00000E+00   0.00000E+00   0.00000E+00   0.00000E+00
      63     -0.91858E+00   0.00000E+00   0.27768E+00   0.00000E+00   0.00000E+00   0.00000E+00
      64     -0.47559E+00   0.00000E+00   0.10226E+01   0.00000E+00   0.00000E+00   0.00000E+00
      65      0.11465E+01   0.00000E+00   0.20025E+01   0.00000E+00   0.00000E+00   0.00000E+00
      66     -0.15324E+01   0.00000E+00   0.15492E+01   0.00000E+00   0.00000E+00   0.00000E+00
      67      0.13865E+01   0.00000E+00   0.25065E+01   0.00000E+00   0.00000E+00   0.00000E+00
      68     -0.17750E+01   0.00000E+00  -0.37276E+00   0.00000E+00   0.00000E+00   0.00000E+00
      69      0.70009E+01   0.00000E+00   0.00000E+00   0.00000E+00   0.00000E+00   0.00000E+00
      70      0.00000E+00   0.67051E+01   0.00000E+00   0.00000E+00   0.00000E+00   0.00000E+00
      71     -0.47487E+00   0.00000E+00   0.59948E+00   0.00000E+00   0.00000E+00   0.00000E+00
      72      0.35634E+00   0.00000E+00  -0.13399E+01   0.00000E+00   0.00000E+00   0.00000E+00
      73     -0.21207E-02   0.00000E+00  -0.87523E+00   0.00000E+00   0.00000E+00   0.00000E+00
      74      0.00000E+00   0.10031E+02   0.00000E+00   0.00000E+00   0.00000E+00   0.00000E+00
      75      0.70640E+01   0.00000E+00   0.00000E+00   0.00000E+00   0.00000E+00   0.00000E+00
      76      0.00000E+00   0.17623E+01   0.00000E+00   0.00000E+00   0.00000E+00   0.00000E+00
      77     -0.16626E+01   0.00000E+00  -0.29304E+00   0.00000E+00   0.00000E+00   0.00000E+00
      78      0.00000E+00  -0.48744E+01   0.00000E+00   0.00000E+00   0.00000E+00   0.00000E+00
      79      0.21170E+01   0.00000E+00  -0.57874E+00   0.00000E+00   0.00000E+00   0.00000E+00
      80      0.00000E+00   0.10985E+00   0.00000E+00   0.00000E+00   0.00000E+00   0.00000E+00
      81     -0.16360E+01   0.00000E+00   0.93023E-01   0.00000E+00   0.00000E+00   0.00000E+00
      82     -0.39962E-01   0.00000E+00   0.10415E+02   0.00000E+00   0.00000E+00   0.00000E+00
      83     -0.21961E-03   0.00000E+00   0.14014E+01   0.00000E+00   0.00000E+00   0.00000E+00
      84      0.00000E+00   0.27111E+01   0.00000E+00   0.00000E+00   0.00000E+00   0.00000E+00
      85     -0.40063E-01   0.00000E+00   0.11763E+02   0.00000E+00   0.00000E+00   0.00000E+00
      86      0.51755E+00   0.00000E+00   0.32380E+01   0.00000E+00   0.00000E+00   0.00000E+00
      87     -0.12277E+01   0.00000E+00   0.35167E+01   0.00000E+00   0.00000E+00   0.00000E+00
      88     -0.40100E+00   0.00000E+00   0.46713E+01   0.00000E+00   0.00000E+00   0.00000E+00
      89     -0.77414E+00   0.00000E+00   0.92008E+00   0.00000E+00   0.00000E+00   0.00000E+00
      90      0.00000E+00  -0.13035E+00   0.00000E+00   0.00000E+00   0.00000E+00   0.00000E+00
      91     -0.11247E+00   0.00000E+00  -0.96708E+01   0.00000E+00   0.00000E+00   0.00000E+00
      92      0.94200E-01   0.00000E+00   0.80144E+00   0.00000E+00   0.00000E+00   0.00000E+00
      93     -0.43326E-02   0.00000E+00   0.10895E+02   0.00000E+00   0.00000E+00   0.00000E+00
      94     -0.64115E+00   0.00000E+00   0.83655E+00   0.00000E+00   0.00000E+00   0.00000E+00
      95      0.00000E+00  -0.22871E+01   0.00000E+00   0.00000E+00   0.00000E+00   0.00000E+00
      96     -0.13589E+01   0.00000E+00   0.77621E+00   0.00000E+00   0.00000E+00   0.00000E+00
      97      0.16909E+01   0.00000E+00   0.72236E+01   0.00000E+00   0.00000E+00   0.00000E+00
      98      0.00000E+00   0.87190E+01   0.00000E+00   0.00000E+00   0.00000E+00   0.00000E+00
      99      0.00000E+00   0.63898E+01   0.00000E+00   0.00000E+00   0.00000E+00   0.00000E+00
     100     -0.35458E+01   0.00000E+00   0.77230E+00   0.00000E+00   0.00000E+00   0.00000E+00


   EFFECTIVE MODAL MASS & RATIO       N     M 
   ------------------------------------------

     MODE           TRAN-X                   TRAN-Y                   TRAN-Z                   ROTN-X                   ROTN-Y                   ROTN-Z        
   -------- ------------------------ ------------------------ ------------------------ ------------------------ ------------------------ ------------------------
    NUMBER      MASS        SUM          MASS        SUM          MASS        SUM          MASS        SUM          MASS        SUM          MASS        SUM    
   -------- ------------------------ ------------------------ ------------------------ ------------------------ ------------------------ ------------------------
       1     0.26064E+07 0.26064E+07  0.57816E-43 0.57816E-43  0.38194E+06 0.38194E+06  0.12191E-40 0.12191E-40  0.13249E+09 0.13249E+09  0.16486E-40 0.16486E-40
       2     0.58184E+06 0.31883E+07  0.24804E-58 0.57816E-43  0.10699E-45 0.38194E+06  0.48970E-56 0.12191E-40  0.38166E+07 0.13631E+09  0.98402E-56 0.16486E-40
       3     0.55331E+06 0.37416E+07  0.13449E-57 0.57816E-43  0.33173E-49 0.38194E+06  0.28758E-55 0.12191E-40  0.38097E+07 0.14012E+09  0.50044E-55 0.16486E-40
       4     0.37501E+07 0.74917E+07  0.20523E-43 0.78339E-43  0.30718E+06 0.68913E+06  0.32904E-41 0.15482E-40  0.26605E+09 0.40617E+09  0.70337E-41 0.23520E-40
       5     0.37873E-43 0.74917E+07  0.27428E+07 0.27428E+07  0.77887E-47 0.68913E+06  0.47822E+08 0.47822E+08  0.74215E-42 0.40617E+09  0.22998E+11 0.22998E+11
       6     0.15769E-42 0.74917E+07  0.28114E+07 0.55542E+07  0.23196E-46 0.68913E+06  0.20182E+08 0.68004E+08  0.83831E-41 0.40617E+09  0.66733E+10 0.29671E+11
       7     0.34176E-41 0.74917E+07  0.36532E+07 0.92074E+07  0.27992E-45 0.68913E+06  0.12610E+09 0.19411E+09  0.10851E-39 0.40617E+09  0.29649E+10 0.32636E+11
       8     0.70785E+05 0.75625E+07  0.37154E-46 0.92074E+07  0.34133E+04 0.69254E+06  0.55892E-44 0.19411E+09  0.32538E+10 0.36600E+10  0.12103E-43 0.32636E+11
       9     0.26560E+04 0.75652E+07  0.88263E-44 0.92074E+07  0.29608E+07 0.36533E+07  0.19375E-41 0.19411E+09  0.44893E+06 0.36604E+10  0.13560E-40 0.32636E+11
      10     0.39893E-41 0.75652E+07  0.22693E+06 0.94344E+07  0.50229E-45 0.36533E+07  0.70174E+07 0.20112E+09  0.11651E-39 0.36604E+10  0.50721E+09 0.33143E+11
      11     0.60175E+03 0.75658E+07  0.16855E-45 0.94344E+07  0.44565E+02 0.36534E+07  0.31869E-43 0.20112E+09  0.61278E+10 0.97882E+10  0.41152E-43 0.33143E+11
      12     0.32544E+06 0.78912E+07  0.41139E-57 0.94344E+07  0.10310E-45 0.36534E+07  0.77976E-55 0.20112E+09  0.16992E+07 0.97899E+10  0.59356E-54 0.33143E+11
      13     0.14207E-42 0.78912E+07  0.35598E+05 0.94700E+07  0.65373E-46 0.36534E+07  0.15429E+08 0.21655E+09  0.22755E-41 0.97899E+10  0.37451E+08 0.33180E+11
      14     0.17713E+03 0.78914E+07  0.43103E-43 0.94700E+07  0.93552E+06 0.45889E+07  0.74446E-41 0.21655E+09  0.22975E+05 0.97899E+10  0.19357E-42 0.33180E+11
      15     0.10933E+05 0.79023E+07  0.48207E-44 0.94700E+07  0.41650E+05 0.46305E+07  0.86289E-42 0.21655E+09  0.21909E+06 0.97901E+10  0.22250E-42 0.33180E+11
      16     0.17905E+06 0.80814E+07  0.18344E-53 0.94700E+07  0.10214E-46 0.46305E+07  0.13313E-52 0.21655E+09  0.45837E+08 0.98359E+10  0.43494E-50 0.33180E+11
      17     0.12977E+03 0.80815E+07  0.15290E-44 0.94700E+07  0.17291E+05 0.46478E+07  0.30670E-42 0.21655E+09  0.35310E+09 0.10189E+11  0.29401E-42 0.33180E+11
      18     0.13633E+04 0.80828E+07  0.30997E-45 0.94700E+07  0.53780E+05 0.47016E+07  0.61638E-43 0.21655E+09  0.13928E+09 0.10328E+11  0.29298E-42 0.33180E+11
      19     0.17449E+06 0.82573E+07  0.10957E-53 0.94700E+07  0.33131E-47 0.47016E+07  0.37716E-52 0.21655E+09  0.42961E+08 0.10371E+11  0.94987E-51 0.33180E+11
      20     0.16564E-41 0.82573E+07  0.36690E+02 0.94700E+07  0.18680E-45 0.47016E+07  0.25801E+02 0.21655E+09  0.50018E-40 0.10371E+11  0.26393E+09 0.33444E+11
      21     0.25309E+03 0.82576E+07  0.90761E-47 0.94700E+07  0.19535E+04 0.47036E+07  0.34590E-44 0.21655E+09  0.93235E+09 0.11304E+11  0.30462E-42 0.33444E+11
      22     0.69658E-41 0.82576E+07  0.15254E+06 0.96225E+07  0.51895E-45 0.47036E+07  0.15961E+08 0.23251E+09  0.21109E-39 0.11304E+11  0.52515E+06 0.33445E+11
      23     0.86126E+02 0.82577E+07  0.12377E-43 0.96225E+07  0.20786E+07 0.67821E+07  0.21487E-41 0.23251E+09  0.28283E+09 0.11586E+11  0.65235E-42 0.33445E+11
      24     0.12267E+03 0.82578E+07  0.46637E-45 0.96225E+07  0.48230E+06 0.72644E+07  0.99027E-43 0.23251E+09  0.18714E+11 0.30300E+11  0.80233E-42 0.33445E+11
      25     0.10608E+03 0.82579E+07  0.18398E-43 0.96225E+07  0.18235E+07 0.90879E+07  0.37774E-41 0.23251E+09  0.22474E+10 0.32548E+11  0.10459E-40 0.33445E+11
      26     0.22182E-41 0.82579E+07  0.16117E+04 0.96241E+07  0.81383E-45 0.90879E+07  0.10214E+06 0.23262E+09  0.59590E-40 0.32548E+11  0.14480E+10 0.34893E+11
      27     0.18433E-01 0.82579E+07  0.17199E-43 0.96241E+07  0.89423E+04 0.90968E+07  0.34106E-41 0.23262E+09  0.68922E+09 0.33237E+11  0.21895E-40 0.34893E+11
      28     0.48645E+02 0.82580E+07  0.95120E-45 0.96241E+07  0.25962E+05 0.91228E+07  0.21600E-42 0.23262E+09  0.26126E+08 0.33263E+11  0.81089E-43 0.34893E+11
      29     0.14250E-41 0.82580E+07  0.36737E+06 0.99915E+07  0.20333E-45 0.91228E+07  0.95245E+08 0.32786E+09  0.71758E-40 0.33263E+11  0.15621E+08 0.34909E+11
      30     0.16532E+03 0.82581E+07  0.65081E-47 0.99915E+07  0.18631E+04 0.91247E+07  0.10431E-44 0.32786E+09  0.20623E+10 0.35326E+11  0.22130E-41 0.34909E+11
      31     0.28393E+00 0.82581E+07  0.19948E-43 0.99915E+07  0.43675E+04 0.91290E+07  0.36284E-41 0.32786E+09  0.21720E+07 0.35328E+11  0.32467E-40 0.34909E+11
      32     0.41632E-41 0.82581E+07  0.51790E+04 0.99967E+07  0.12054E-45 0.91290E+07  0.84430E+06 0.32871E+09  0.14858E-39 0.35328E+11  0.16049E+10 0.36513E+11
      33     0.79208E+02 0.82582E+07  0.30328E-46 0.99967E+07  0.62839E+06 0.97574E+07  0.21164E-43 0.32871E+09  0.91300E+06 0.35329E+11  0.35041E-42 0.36513E+11
      34     0.12425E+03 0.82583E+07  0.51994E-44 0.99967E+07  0.25774E+04 0.97600E+07  0.10849E-41 0.32871E+09  0.52071E+09 0.35849E+11  0.90143E-41 0.36513E+11
      35     0.38417E+02 0.82584E+07  0.11259E-44 0.99967E+07  0.15387E+05 0.97754E+07  0.13915E-42 0.32871E+09  0.12022E+05 0.35849E+11  0.80623E-42 0.36513E+11
      36     0.12284E-43 0.82584E+07  0.19726E+05 0.10016E+08  0.35122E-46 0.97754E+07  0.10775E+08 0.33948E+09  0.81080E-44 0.35849E+11  0.10168E+07 0.36514E+11
      37     0.11580E+04 0.82595E+07  0.89580E-44 0.10016E+08  0.16564E+05 0.97919E+07  0.20925E-41 0.33948E+09  0.31174E+06 0.35850E+11  0.36869E-40 0.36514E+11
      38     0.23453E+02 0.82595E+07  0.17955E-44 0.10016E+08  0.15300E+04 0.97935E+07  0.47210E-42 0.33948E+09  0.61666E+07 0.35856E+11  0.59951E-41 0.36514E+11
      39     0.70381E+05 0.83299E+07  0.23581E-57 0.10016E+08  0.25061E-47 0.97935E+07  0.46807E-56 0.33948E+09  0.23750E+08 0.35880E+11  0.58431E-54 0.36514E+11
      40     0.59522E-42 0.83299E+07  0.28554E+05 0.10045E+08  0.42745E-46 0.97935E+07  0.31127E+07 0.34259E+09  0.17823E-40 0.35880E+11  0.45430E+09 0.36969E+11
      41     0.11533E+03 0.83300E+07  0.34210E-43 0.10045E+08  0.20776E+05 0.98143E+07  0.62291E-41 0.34259E+09  0.41987E+06 0.35880E+11  0.55787E-42 0.36969E+11
      42     0.69647E+05 0.83997E+07  0.29315E-54 0.10045E+08  0.72488E-48 0.98143E+07  0.67967E-52 0.34259E+09  0.22594E+08 0.35903E+11  0.25874E-51 0.36969E+11
      43     0.64765E-41 0.83997E+07  0.21238E+06 0.10257E+08  0.25474E-45 0.98143E+07  0.22418E+08 0.36501E+09  0.25276E-39 0.35903E+11  0.51910E+08 0.37021E+11
      44     0.16261E+03 0.83998E+07  0.20695E-44 0.10257E+08  0.11319E+03 0.98144E+07  0.60671E-42 0.36501E+09  0.13614E+07 0.35904E+11  0.17647E-40 0.37021E+11
      45     0.93150E-43 0.83998E+07  0.58366E+04 0.10263E+08  0.97696E-46 0.98144E+07  0.52384E+04 0.36502E+09  0.99271E-42 0.35904E+11  0.10556E+09 0.37126E+11
      46     0.43269E+03 0.84003E+07  0.10267E-43 0.10263E+08  0.25664E+02 0.98144E+07  0.21426E-41 0.36502E+09  0.11340E+08 0.35915E+11  0.96880E-41 0.37126E+11
      47     0.11269E+04 0.84014E+07  0.19658E-44 0.10263E+08  0.32522E+04 0.98176E+07  0.46818E-42 0.36502E+09  0.12679E+05 0.35915E+11  0.36153E-41 0.37126E+11
      48     0.11920E+06 0.85206E+07  0.85938E-56 0.10263E+08  0.42125E-45 0.98176E+07  0.14953E-53 0.36502E+09  0.11618E+08 0.35927E+11  0.19894E-52 0.37126E+11
      49     0.85319E-43 0.85206E+07  0.11042E+05 0.10274E+08  0.39177E-47 0.98176E+07  0.51573E+06 0.36553E+09  0.30232E-41 0.35927E+11  0.43671E+08 0.37170E+11
      50     0.31247E+04 0.85237E+07  0.17351E-43 0.10274E+08  0.12800E+05 0.98304E+07  0.30478E-41 0.36553E+09  0.56657E+07 0.35933E+11  0.49861E-41 0.37170E+11
      51     0.11419E+04 0.85249E+07  0.10229E-44 0.10274E+08  0.41322E+04 0.98346E+07  0.32583E-42 0.36553E+09  0.45978E+08 0.35979E+11  0.10901E-40 0.37170E+11
      52     0.36167E+04 0.85285E+07  0.96674E-43 0.10274E+08  0.67320E+04 0.98413E+07  0.18449E-40 0.36553E+09  0.32159E+08 0.36011E+11  0.27449E-40 0.37170E+11
      53     0.30532E+02 0.85285E+07  0.28688E-41 0.10274E+08  0.99316E+04 0.98512E+07  0.54519E-39 0.36553E+09  0.21591E+08 0.36032E+11  0.10600E-38 0.37170E+11
      54     0.15227E-43 0.85285E+07  0.18239E+05 0.10292E+08  0.62539E-46 0.98512E+07  0.65929E+07 0.37212E+09  0.26018E-41 0.36032E+11  0.22580E+06 0.37170E+11
      55     0.55469E-42 0.85285E+07  0.78298E+04 0.10300E+08  0.57273E-47 0.98512E+07  0.20741E+06 0.37233E+09  0.23623E-40 0.36032E+11  0.11930E+09 0.37289E+11
      56     0.14906E+04 0.85300E+07  0.70945E-40 0.10300E+08  0.13516E+02 0.98513E+07  0.13433E-37 0.37233E+09  0.15101E+07 0.36034E+11  0.23606E-37 0.37289E+11
      57     0.11017E+04 0.85311E+07  0.66672E-40 0.10300E+08  0.68922E+04 0.98581E+07  0.12638E-37 0.37233E+09  0.28279E+04 0.36034E+11  0.21566E-37 0.37289E+11
      58     0.14849E+04 0.85326E+07  0.19317E-40 0.10300E+08  0.66026E+02 0.98582E+07  0.36755E-38 0.37233E+09  0.12165E+05 0.36034E+11  0.69051E-38 0.37289E+11
      59     0.38265E+05 0.85709E+07  0.16233E-40 0.10300E+08  0.16309E+02 0.98582E+07  0.30710E-38 0.37233E+09  0.46955E+06 0.36034E+11  0.52792E-38 0.37289E+11
      60     0.20943E-42 0.85709E+07  0.78127E+02 0.10300E+08  0.72466E-46 0.98582E+07  0.16778E+07 0.37401E+09  0.60074E-41 0.36034E+11  0.32714E+08 0.37322E+11
      61     0.21244E+04 0.85730E+07  0.10588E-37 0.10300E+08  0.97575E+00 0.98582E+07  0.20556E-35 0.37401E+09  0.28834E+06 0.36035E+11  0.32876E-35 0.37322E+11
      62     0.56818E-42 0.85730E+07  0.19542E+06 0.10496E+08  0.31877E-46 0.98582E+07  0.72278E+07 0.38124E+09  0.20246E-40 0.36035E+11  0.30730E+09 0.37629E+11
      63     0.84379E+03 0.85738E+07  0.38973E-37 0.10496E+08  0.77106E+02 0.98583E+07  0.73995E-35 0.38124E+09  0.27639E+05 0.36035E+11  0.12340E-34 0.37629E+11
      64     0.22619E+03 0.85741E+07  0.10043E-34 0.10496E+08  0.10457E+04 0.98594E+07  0.19086E-32 0.38124E+09  0.85546E+07 0.36043E+11  0.32547E-32 0.37629E+11
      65     0.13145E+04 0.85754E+07  0.21340E-34 0.10496E+08  0.40098E+04 0.98634E+07  0.40388E-32 0.38124E+09  0.11339E+08 0.36055E+11  0.69540E-32 0.37629E+11
      66     0.23481E+04 0.85777E+07  0.23376E-34 0.10496E+08  0.24002E+04 0.98658E+07  0.44208E-32 0.38124E+09  0.22222E+08 0.36077E+11  0.76069E-32 0.37629E+11
      67     0.19224E+04 0.85796E+07  0.29302E-34 0.10496E+08  0.62825E+04 0.98720E+07  0.55339E-32 0.38124E+09  0.36319E+08 0.36113E+11  0.97810E-32 0.37629E+11
      68     0.31506E+04 0.85828E+07  0.75559E-37 0.10496E+08  0.13895E+03 0.98722E+07  0.23791E-34 0.38124E+09  0.12343E+08 0.36125E+11  0.16652E-35 0.37629E+11
      69     0.49012E+05 0.86318E+07  0.38078E-55 0.10496E+08  0.20823E-47 0.98722E+07  0.25546E-53 0.38124E+09  0.18966E+08 0.36144E+11  0.98720E-52 0.37629E+11
      70     0.32837E-42 0.86318E+07  0.44959E+05 0.10541E+08  0.30420E-45 0.98722E+07  0.18402E+08 0.39964E+09  0.51992E-41 0.36144E+11  0.62451E+09 0.38254E+11
      71     0.22550E+03 0.86320E+07  0.24742E-34 0.10541E+08  0.35938E+03 0.98725E+07  0.45169E-32 0.39964E+09  0.84153E+06 0.36145E+11  0.91173E-32 0.38254E+11
      72     0.12698E+03 0.86322E+07  0.25620E-33 0.10541E+08  0.17954E+04 0.98743E+07  0.49056E-31 0.39964E+09  0.19814E+04 0.36145E+11  0.82695E-31 0.38254E+11
      73     0.44974E-02 0.86322E+07  0.98955E-34 0.10541E+08  0.76602E+03 0.98751E+07  0.18798E-31 0.39964E+09  0.31082E+06 0.36146E+11  0.31527E-31 0.38254E+11
      74     0.48014E-43 0.86322E+07  0.10062E+06 0.10641E+08  0.21840E-45 0.98751E+07  0.40177E+08 0.43982E+09  0.24402E-45 0.36146E+11  0.19801E+09 0.38452E+11
      75     0.49901E+05 0.86821E+07  0.31834E-56 0.10641E+08  0.38186E-49 0.98751E+07  0.13249E-54 0.43982E+09  0.18610E+08 0.36164E+11  0.94476E-52 0.38452E+11
      76     0.22221E-42 0.86821E+07  0.31058E+04 0.10644E+08  0.51100E-46 0.98751E+07  0.82113E+06 0.44064E+09  0.13373E-40 0.36164E+11  0.29341E+09 0.38745E+11
      77     0.27644E+04 0.86848E+07  0.79072E-33 0.10644E+08  0.85870E+02 0.98752E+07  0.15224E-30 0.44064E+09  0.11898E+07 0.36165E+11  0.24550E-30 0.38745E+11
      78     0.28412E-41 0.86848E+07  0.23760E+05 0.10668E+08  0.22229E-45 0.98752E+07  0.87331E+07 0.44937E+09  0.79485E-40 0.36165E+11  0.96701E+06 0.38746E+11
      79     0.44818E+04 0.86893E+07  0.33213E-30 0.10668E+08  0.33494E+03 0.98755E+07  0.62932E-28 0.44937E+09  0.76928E+06 0.36166E+11  0.10688E-27 0.38746E+11
      80     0.28841E-42 0.86893E+07  0.12067E+02 0.10668E+08  0.46867E-46 0.98755E+07  0.18425E+05 0.44939E+09  0.15809E-40 0.36166E+11  0.85859E+08 0.38832E+11
      81     0.26766E+04 0.86920E+07  0.73565E-29 0.10668E+08  0.86533E+01 0.98755E+07  0.13929E-26 0.44939E+09  0.40022E+07 0.36170E+11  0.23765E-26 0.38832E+11
      82     0.15970E+01 0.86920E+07  0.13325E-31 0.10668E+08  0.10848E+06 0.99840E+07  0.25581E-29 0.44939E+09  0.16035E+09 0.36330E+11  0.40792E-29 0.38832E+11
      83     0.48230E-04 0.86920E+07  0.35149E-30 0.10668E+08  0.19639E+04 0.99860E+07  0.66734E-28 0.44939E+09  0.48272E+07 0.36335E+11  0.11462E-27 0.38832E+11
      84     0.75297E-41 0.86920E+07  0.73503E+04 0.10676E+08  0.74477E-46 0.99860E+07  0.17735E+07 0.45116E+09  0.28210E-39 0.36335E+11  0.25643E+05 0.38832E+11
      85     0.16050E+01 0.86920E+07  0.12944E-28 0.10676E+08  0.13836E+06 0.10124E+08  0.24613E-26 0.45116E+09  0.20718E+09 0.36542E+11  0.40575E-26 0.38832E+11
      86     0.26786E+03 0.86922E+07  0.24271E-30 0.10676E+08  0.10485E+05 0.10135E+08  0.33844E-28 0.45116E+09  0.84892E+06 0.36543E+11  0.68616E-27 0.38832E+11
      87     0.15073E+04 0.86938E+07  0.19007E-24 0.10676E+08  0.12367E+05 0.10147E+08  0.35821E-22 0.45116E+09  0.21273E+09 0.36756E+11  0.61917E-22 0.38832E+11
      88     0.16080E+03 0.86939E+07  0.21596E-24 0.10676E+08  0.21821E+05 0.10169E+08  0.40807E-22 0.45116E+09  0.43893E+08 0.36800E+11  0.68459E-22 0.38832E+11
      89     0.59930E+03 0.86945E+07  0.16772E-25 0.10676E+08  0.84654E+03 0.10170E+08  0.31740E-23 0.45116E+09  0.58456E+07 0.36806E+11  0.53963E-23 0.38832E+11
      90     0.23373E-41 0.86945E+07  0.16991E+02 0.10676E+08  0.94420E-44 0.10170E+08  0.10387E+04 0.45116E+09  0.70236E-43 0.36806E+11  0.11303E+08 0.38843E+11
      91     0.12649E+02 0.86945E+07  0.23180E-23 0.10676E+08  0.93524E+05 0.10263E+08  0.43647E-21 0.45116E+09  0.62199E+09 0.37428E+11  0.75972E-21 0.38843E+11
      92     0.88736E+01 0.86945E+07  0.63090E-25 0.10676E+08  0.64231E+03 0.10264E+08  0.11942E-22 0.45116E+09  0.15016E+07 0.37429E+11  0.19849E-22 0.38843E+11
      93     0.18771E-01 0.86945E+07  0.17996E-22 0.10676E+08  0.11869E+06 0.10383E+08  0.33980E-20 0.45116E+09  0.78147E+09 0.38211E+11  0.57113E-20 0.38843E+11
      94     0.41107E+03 0.86949E+07  0.27223E-27 0.10676E+08  0.69982E+03 0.10383E+08  0.50310E-25 0.45116E+09  0.47241E+06 0.38211E+11  0.11304E-24 0.38843E+11
      95     0.45830E-38 0.86949E+07  0.52308E+04 0.10681E+08  0.11067E-41 0.10383E+08  0.15033E+06 0.45131E+09  0.24146E-36 0.38211E+11  0.13632E+08 0.38857E+11
      96     0.18467E+04 0.86968E+07  0.24727E-22 0.10681E+08  0.60249E+03 0.10384E+08  0.46644E-20 0.45131E+09  0.30357E+09 0.38515E+11  0.78893E-20 0.38857E+11
      97     0.28593E+04 0.86997E+07  0.54730E-25 0.10681E+08  0.52181E+05 0.10436E+08  0.10601E-22 0.45131E+09  0.39183E+08 0.38554E+11  0.12454E-22 0.38857E+11
      98     0.16545E-38 0.86997E+07  0.76021E+05 0.10757E+08  0.88094E-40 0.10436E+08  0.11409E+08 0.46272E+09  0.95540E-36 0.38554E+11  0.81732E+08 0.38939E+11
      99     0.23352E-36 0.86997E+07  0.40830E+05 0.10798E+08  0.49292E-40 0.10436E+08  0.53267E+07 0.46805E+09  0.11271E-34 0.38554E+11  0.89082E+08 0.39028E+11
     100     0.12573E+05 0.87122E+07  0.12184E-21 0.10798E+08  0.59645E+03 0.10437E+08  0.22968E-19 0.46805E+09  0.36337E+08 0.38590E+11  0.38784E-19 0.39028E+11


   MODAL DIRECTION FACTOR
   ----------------------

     MODE       TRAN-X        TRAN-Y        TRAN-Z        ROTN-X        ROTN-Y        ROTN-Z   
   --------  ------------  ------------  ------------  ------------  ------------  ------------
       1          88.0651        0.0000       10.9267        0.0000        1.0082        0.0000
       2          99.8525        0.0000        0.0000        0.0000        0.1475        0.0000
       3          99.8452        0.0000        0.0000        0.0000        0.1548        0.0000
       4          92.1376        0.0000        6.3903        0.0000        1.4721        0.0000
       5           0.0000       28.5459        0.0000        6.4941        0.0000       64.9599
       6           0.0000       57.5423        0.0000        5.3896        0.0000       37.0681
       7           0.0000       59.8568        0.0000       26.9588        0.0000       13.1844
       8           8.7775        0.0000        0.3584        0.0000       90.8641        0.0000
       9           0.1058        0.0000       99.8901        0.0000        0.0040        0.0000
      10           0.0000       49.7495        0.0000       20.0727        0.0000       30.1779
      11           0.0436        0.0000        0.0027        0.0000       99.9537        0.0000
      12          99.8826        0.0000        0.0000        0.0000        0.1174        0.0000
      13           0.0000       14.4076        0.0000       81.4787        0.0000        4.1137
      14           0.0224        0.0000       99.9770        0.0000        0.0007        0.0000
      15          23.6394        0.0000       76.2539        0.0000        0.1067        0.0000
      16          94.5489        0.0000        0.0000        0.0000        5.4511        0.0000
      17           0.1376        0.0000       15.5269        0.0000       84.3355        0.0000
      18           1.7419        0.0000       58.1813        0.0000       40.0768        0.0000
      19          94.7464        0.0000        0.0000        0.0000        5.2536        0.0000
      20           0.0000        0.0512        0.0000        0.0005        0.0000       99.9483
      21           0.1195        0.0000        0.7807        0.0000       99.0999        0.0000
      22           0.0000       42.2626        0.0000       57.6980        0.0000        0.0395
      23           0.0047        0.0000       96.5027        0.0000        3.4925        0.0000
      24           0.0027        0.0000        8.8335        0.0000       91.1639        0.0000
      25           0.0052        0.0000       75.3078        0.0000       24.6870        0.0000
      26           0.0000        0.4071        0.0000        0.3366        0.0000       99.2564
      27           0.0000        0.0000        4.6512        0.0000       95.3488        0.0000
      28           0.1743        0.0000       78.7484        0.0000       21.0773        0.0000
      29           0.0000       22.7568        0.0000       76.9805        0.0000        0.2626
      30           0.0355        0.0000        0.3384        0.0000       99.6261        0.0000
      31           0.0068        0.0000       88.3118        0.0000       11.6814        0.0000
      32           0.0000        1.1464        0.0000        2.4385        0.0000       96.4151
      33           0.0149        0.0000       99.9465        0.0000        0.0386        0.0000
      34           0.1039        0.0000        1.8251        0.0000       98.0710        0.0000
      35           0.2939        0.0000       99.6853        0.0000        0.0207        0.0000
      36           0.0000       12.2833        0.0000       87.5449        0.0000        0.1718
      37           7.5918        0.0000       91.9479        0.0000        0.4603        0.0000
      38           0.8662        0.0000       47.8447        0.0000       51.2891        0.0000
      39          92.9372        0.0000        0.0000        0.0000        7.0628        0.0000
      40           0.0000       14.8362        0.0000       21.1019        0.0000       64.0619
      41           0.6479        0.0000       98.8210        0.0000        0.5312        0.0000
      42          93.1915        0.0000        0.0000        0.0000        6.8085        0.0000
      43           0.0000       40.9230        0.0000       56.3623        0.0000        2.7147
      44          28.7783        0.0000       16.9617        0.0000       54.2601        0.0000
      45           0.0000       16.8912        0.0000        0.1978        0.0000       82.9110
      46          14.3836        0.0000        0.7223        0.0000       84.8941        0.0000
      47          29.0182        0.0000       70.9082        0.0000        0.0735        0.0000
      48          97.8521        0.0000        0.0000        0.0000        2.1479        0.0000
      49           0.0000       37.2747        0.0000       22.7157        0.0000       40.0096
      50          20.5053        0.0000       71.1217        0.0000        8.3730        0.0000
      51           7.6148        0.0000       23.3329        0.0000       69.0523        0.0000
      52          21.8412        0.0000       34.4223        0.0000       43.7365        0.0000
      53           0.2295        0.0000       63.2170        0.0000       36.5535        0.0000
      54           0.0000       17.4833        0.0000       82.4580        0.0000        0.0587
      55           0.0000       18.2450        0.0000        6.3060        0.0000       75.4490
      56          80.9169        0.0000        0.6212        0.0000       18.4619        0.0000
      57          15.8792        0.0000       84.1116        0.0000        0.0092        0.0000
      58          96.2007        0.0000        3.6218        0.0000        0.1775        0.0000
      59          99.6885        0.0000        0.0360        0.0000        0.2755        0.0000
      60           0.0000        0.2533        0.0000       70.9656        0.0000       28.7811
      61          96.9974        0.0000        0.0377        0.0000        2.9649        0.0000
      62           0.0000       52.3739        0.0000       25.2745        0.0000       22.3517
      63          92.1872        0.0000        7.1327        0.0000        0.6801        0.0000
      64           7.4450        0.0000       29.1427        0.0000       63.4123        0.0000
      65          18.0977        0.0000       46.7437        0.0000       35.1586        0.0000
      66          25.0203        0.0000       21.6544        0.0000       53.3253        0.0000
      67          12.4660        0.0000       34.4945        0.0000       53.0394        0.0000
      68          52.0944        0.0000        1.9453        0.0000       45.9602        0.0000
      69          91.9838        0.0000        0.0000        0.0000        8.0162        0.0000
      70           0.0000        9.8907        0.0000       52.8223        0.0000       37.2870
      71          31.3498        0.0000       42.3032        0.0000       26.3470        0.0000
      72           7.7067        0.0000       92.2662        0.0000        0.0271        0.0000
      73           0.0006        0.0000       90.2585        0.0000        9.7409        0.0000
      74           0.0000       14.8281        0.0000       77.2524        0.0000        7.9195
      75          92.2521        0.0000        0.0000        0.0000        7.7479        0.0000
      76           0.0000        3.3235        0.0000       11.4650        0.0000       85.2115
      77          89.0289        0.0000        2.3416        0.0000        8.6296        0.0000
      78           0.0000       17.2212        0.0000       82.5886        0.0000        0.1902
      79          90.7497        0.0000        5.7423        0.0000        3.5080        0.0000
      80           0.0000        0.0512        0.0000        1.0206        0.0000       98.9281
      81          74.6563        0.0000        0.2044        0.0000       25.1394        0.0000
      82           0.0012        0.0000       71.7795        0.0000       28.2193        0.0000
      83           0.0000        0.0000       60.4681        0.0000       39.5319        0.0000
      84           0.0000       24.1010        0.0000       75.8762        0.0000        0.0228
      85           0.0010        0.0000       71.5167        0.0000       28.4823        0.0000
      86           2.8689        0.0000       95.0835        0.0000        2.0476        0.0000
      87           2.5168        0.0000       17.4857        0.0000       79.9974        0.0000
      88           0.5638        0.0000       64.7786        0.0000       34.6577        0.0000
      89          22.7651        0.0000       27.2278        0.0000       50.0070        0.0000
      90           0.0000        0.5484        0.0000        0.4374        0.0000       99.0141
      91           0.0058        0.0000       36.1135        0.0000       63.8808        0.0000
      92           0.9960        0.0000       61.0450        0.0000       37.9589        0.0000
      93           0.0000        0.0000       36.3478        0.0000       63.6522        0.0000
      94          37.0335        0.0000       53.3819        0.0000        9.5846        0.0000
      95           0.0000       48.0244        0.0000       18.0079        0.0000       33.9677
      96           2.6112        0.0000        0.7213        0.0000       96.6674        0.0000
      97           5.1181        0.0000       79.0865        0.0000       15.7953        0.0000
      98           0.0000       30.7692        0.0000       60.2527        0.0000        8.9781
      99           0.0000       30.3549        0.0000       51.6710        0.0000       17.9741
     100          59.1352        0.0000        2.3753        0.0000       38.4894        0.0000


 EIGEN VALUE ANALYSIS TIME LOG ( IN SECOND )
 -------------------------------------------
 EIGENSOLUTION ..............................:     2.72
 PRINTING ...................................:     0.41
 TOTAL SOLUTION TIME (SUM OF THE ABOVE) .....:     3.13


**  MIDAS/CIVIL WINDOWS VERSION 8.3.1                                DATE APR/22/2019  TIME 19:23:33
**  Modeling, Integrated Design & Analysis Software              PC WINDOWS 95/98/2000/NT/XP VERSION
====================================================================================================
  
  


 =========================================================
 ** O V E R A L L   T I M E   L O G   I N   S E C O N D **
 =========================================================

  - INPUT DATA READING AND GENERATION ..........:     0.02
  - FORM ELEMENT STIFFNESS MATRICES ............:     0.05
  - FORM GLOBAL LOAD VECTOR ....................:     0.01
  - FORM TOTAL STIFFNESS MATRICES ..............:     0.06
  - P-DELTA ANALYSIS ...........................:     0.00
  - STATIC ANALYSIS ............................:     0.20
  - MOVING LOAD ANALYSIS .......................:     0.00
  - SETTLEMENT ANALYSIS ........................:     0.00
  - EIGENVALUE EXTRACTION ......................:     3.13
  - RESPONSE SPECTRUM ANALYSIS .................:     0.00
  - TIME HISTORY ANALYSIS ......................:     0.00
  - PRINT DYNAMIC INFORMATION OUTPUT ...........:     0.17
  - TOTAL ELAPSED TIME .........................:     3.64
